[2025-04-03 08:53:42,305] {emu_sentry.py:345} DEBUG - SEN: paired to PHX SN#000000000, ID#:68A6B4C1FAA4, Key:CC05F51679C01A5CAD933EEF1850D530, IV:284CD9EB
[2025-04-03 08:55:16,050] {emu_sentry.py:345} DEBUG - SEN: paired to PHX SN#000000000, ID#:68A6B4C1FAA4, Key:CC05F51679C01A5CAD933EEF1850D530, IV:284CD9EB
[2025-04-03 08:56:16,755] {emu_sentry.py:345} DEBUG - SEN: paired to PHX SN#000000000, ID#:68A6B4C1FAA4, Key:CC05F51679C01A5CAD933EEF1850D530, IV:284CD9EB
[2025-04-03 08:56:24,619] {emu_sentry.py:345} DEBUG - SEN: paired to PHX SN#000000000, ID#:68A6B4C1FAA4, Key:CC05F51679C01A5CAD933EEF1850D530, IV:284CD9EB
[2025-04-03 08:56:40,595] {emu_sentry.py:345} DEBUG - SEN: paired to PHX SN#000000000, ID#:68A6B4C1FAA4, Key:CC05F51679C01A5CAD933EEF1850D530, IV:284CD9EB
[2025-04-03 08:56:57,204] {emu_sentry.py:345} DEBUG - SEN: paired to PHX SN#000000000, ID#:68A6B4C1FAA4, Key:CC05F51679C01A5CAD933EEF1850D530, IV:284CD9EB
[2025-04-03 09:01:35,304] {emu_sentry.py:345} DEBUG - SEN: paired to PHX SN#000000000, ID#:68A6B4C1FAA4, Key:CC05F51679C01A5CAD933EEF1850D530, IV:284CD9EB
[2025-04-03 09:02:24,065] {emu_sentry.py:345} DEBUG - SEN: paired to PHX SN#000000000, ID#:68A6B4C1FAA4, Key:CC05F51679C01A5CAD933EEF1850D530, IV:284CD9EB
[2025-04-03 09:02:32,602] {emu_sentry.py:421} DEBUG - SEN: Validation payout value $32.00 from PHX 68A6B4C1FAA4
[2025-04-03 09:02:32,602] {emu_sentry.py:436} DEBUG - SEN: nonce=16000000
[2025-04-03 09:08:21,848] {emu_sentry.py:345} DEBUG - SEN: paired to PHX SN#000000000, ID#:68A6B4C1FAA4, Key:CC05F51679C01A5CAD933EEF1850D530, IV:284CD9EB
[2025-04-03 09:08:27,032] {emu_sentry.py:421} DEBUG - SEN: Validation payout value $32.00 from PHX 68A6B4C1FAA4
[2025-04-03 09:08:27,033] {emu_sentry.py:436} DEBUG - SEN: nonce=17000000
[2025-04-03 09:08:34,224] {emu_sentry.py:421} DEBUG - SEN: Validation payout value $21.00 from PHX 68A6B4C1FAA4
[2025-04-03 09:08:34,224] {emu_sentry.py:436} DEBUG - SEN: nonce=18000000
[2025-04-03 09:20:52,046] {emu_sentry.py:345} DEBUG - SEN: paired to PHX SN#000000000, ID#:68A6B4C1FAA4, Key:CC05F51679C01A5CAD933EEF1850D530, IV:284CD9EB
[2025-04-03 09:20:58,022] {emu_sentry.py:421} DEBUG - SEN: Validation payout value $32.00 from PHX 68A6B4C1FAA4
[2025-04-03 09:20:58,023] {emu_sentry.py:436} DEBUG - SEN: nonce=19000000
[2025-04-03 09:21:03,063] {emu_sentry.py:421} DEBUG - SEN: Validation payout value $21.00 from PHX 68A6B4C1FAA4
[2025-04-03 09:21:03,064] {emu_sentry.py:436} DEBUG - SEN: nonce=1A000000
[2025-04-03 09:26:44,437] {emu_sentry.py:345} DEBUG - SEN: paired to PHX SN#000000000, ID#:68A6B4C1FAA4, Key:CC05F51679C01A5CAD933EEF1850D530, IV:284CD9EB
[2025-04-03 09:26:49,349] {emu_sentry.py:421} DEBUG - SEN: Validation payout value $32.00 from PHX 68A6B4C1FAA4
[2025-04-03 09:26:49,349] {emu_sentry.py:436} DEBUG - SEN: nonce=1C000000
[2025-04-03 09:26:53,861] {emu_sentry.py:421} DEBUG - SEN: Validation payout value $21.00 from PHX 68A6B4C1FAA4
[2025-04-03 09:26:53,861] {emu_sentry.py:436} DEBUG - SEN: nonce=1D000000
[2025-04-03 09:27:08,304] {emu_sentry.py:421} DEBUG - SEN: Validation payout value $3.00 from PHX 68A6B4C1FAA4
[2025-04-03 09:27:08,304] {emu_sentry.py:436} DEBUG - SEN: nonce=1F000000
[2025-04-03 09:41:22,966] {emu_sentry.py:345} DEBUG - SEN: paired to PHX SN#000000000, ID#:686F25D7A751, Key:0CB7912144174A89C5EA3DBDD8A1C6DB, IV:017B608C
[2025-04-03 09:41:27,813] {emu_sentry.py:421} DEBUG - SEN: Validation payout value $32.00 from PHX 686F25D7A751
[2025-04-03 09:41:27,814] {emu_sentry.py:436} DEBUG - SEN: nonce=20000000
[2025-04-03 09:41:33,447] {emu_sentry.py:421} DEBUG - SEN: Validation payout value $21.00 from PHX 686F25D7A751
[2025-04-03 09:41:33,447] {emu_sentry.py:436} DEBUG - SEN: nonce=21000000
[2025-04-03 09:42:42,927] {emu_sentry.py:345} DEBUG - SEN: paired to PHX SN#000000000, ID#:686F25D7A751, Key:0CB7912144174A89C5EA3DBDD8A1C6DB, IV:017B608C
[2025-04-03 09:42:48,223] {emu_sentry.py:421} DEBUG - SEN: Validation payout value $32.00 from PHX 686F25D7A751
[2025-04-03 09:42:48,223] {emu_sentry.py:436} DEBUG - SEN: nonce=23000000
[2025-04-03 09:42:53,351] {emu_sentry.py:421} DEBUG - SEN: Validation payout value $21.00 from PHX 686F25D7A751
[2025-04-03 09:42:53,351] {emu_sentry.py:436} DEBUG - SEN: nonce=24000000
[2025-04-03 09:43:05,823] {emu_sentry.py:421} DEBUG - SEN: Validation payout value $.00 from PHX 686F25D7A751
[2025-04-03 09:43:05,823] {emu_sentry.py:436} DEBUG - SEN: nonce=26000000
[2025-04-03 09:44:46,249] {emu_sentry.py:345} DEBUG - SEN: paired to PHX SN#000000000, ID#:686F25D7A751, Key:0CB7912144174A89C5EA3DBDD8A1C6DB, IV:017B608C
[2025-04-03 09:44:52,346] {emu_sentry.py:421} DEBUG - SEN: Validation payout value $32.00 from PHX 686F25D7A751
[2025-04-03 09:44:52,347] {emu_sentry.py:436} DEBUG - SEN: nonce=28000000
[2025-04-03 09:44:56,867] {emu_sentry.py:421} DEBUG - SEN: Validation payout value $21.00 from PHX 686F25D7A751
[2025-04-03 09:44:56,867] {emu_sentry.py:436} DEBUG - SEN: nonce=29000000
[2025-04-03 09:47:59,086] {emu_sentry.py:345} DEBUG - SEN: paired to PHX SN#000000000, ID#:686F25D7A751, Key:0CB7912144174A89C5EA3DBDD8A1C6DB, IV:017B608C
[2025-04-03 09:48:08,301] {emu_sentry.py:421} DEBUG - SEN: Validation payout value $32.00 from PHX 686F25D7A751
[2025-04-03 09:48:08,302] {emu_sentry.py:436} DEBUG - SEN: nonce=2B000000
[2025-04-03 09:48:13,437] {emu_sentry.py:421} DEBUG - SEN: Validation payout value $21.00 from PHX 686F25D7A751
[2025-04-03 09:48:13,438] {emu_sentry.py:436} DEBUG - SEN: nonce=2C000000
[2025-04-03 09:48:24,742] {emu_sentry.py:421} DEBUG - SEN: Validation payout value $1.00 from PHX 686F25D7A751
[2025-04-03 09:48:24,742] {emu_sentry.py:436} DEBUG - SEN: nonce=2E000000
[2025-04-03 09:48:28,966] {emu_sentry.py:421} DEBUG - SEN: Validation payout value $9.00 from PHX 686F25D7A751
[2025-04-03 09:48:28,966] {emu_sentry.py:436} DEBUG - SEN: nonce=2F000000
[2025-04-03 10:41:56,613] {emu_sentry.py:345} DEBUG - SEN: paired to PHX SN#000000000, ID#:686F25D7A751, Key:0CB7912144174A89C5EA3DBDD8A1C6DB, IV:017B608C
[2025-04-03 10:43:28,055] {emu_sentry.py:345} DEBUG - SEN: paired to PHX SN#000000000, ID#:686F25D7A751, Key:0CB7912144174A89C5EA3DBDD8A1C6DB, IV:017B608C
[2025-04-03 10:45:28,529] {emu_sentry.py:345} DEBUG - SEN: paired to PHX SN#000000000, ID#:686F25D7A751, Key:0CB7912144174A89C5EA3DBDD8A1C6DB, IV:017B608C
[2025-04-03 10:46:28,890] {emu_sentry.py:345} DEBUG - SEN: paired to PHX SN#000000000, ID#:686F25D7A751, Key:0CB7912144174A89C5EA3DBDD8A1C6DB, IV:017B608C
[2025-04-03 10:47:33,324] {emu_sentry.py:345} DEBUG - SEN: paired to PHX SN#000000000, ID#:686F25D7A751, Key:0CB7912144174A89C5EA3DBDD8A1C6DB, IV:017B608C
[2025-04-03 10:49:05,461] {emu_sentry.py:345} DEBUG - SEN: paired to PHX SN#000000000, ID#:686F25D7A751, Key:0CB7912144174A89C5EA3DBDD8A1C6DB, IV:017B608C
[2025-04-03 10:52:45,858] {emu_sentry.py:345} DEBUG - SEN: paired to PHX SN#000000000, ID#:686F25D7A751, Key:0CB7912144174A89C5EA3DBDD8A1C6DB, IV:017B608C
[2025-04-03 10:54:55,460] {emu_sentry.py:345} DEBUG - SEN: paired to PHX SN#000000000, ID#:686F25D7A751, Key:0CB7912144174A89C5EA3DBDD8A1C6DB, IV:017B608C
[2025-04-03 10:58:32,730] {emu_sentry.py:345} DEBUG - SEN: paired to PHX SN#000000000, ID#:686F25D7A751, Key:0CB7912144174A89C5EA3DBDD8A1C6DB, IV:017B608C
[2025-04-03 10:59:02,367] {emu_sentry.py:421} DEBUG - SEN: Validation payout value $23.00 from PHX 686F25D7A751
[2025-04-03 10:59:02,368] {emu_sentry.py:436} DEBUG - SEN: nonce=30000000
[2025-04-03 10:59:59,017] {emu_sentry.py:345} DEBUG - SEN: paired to PHX SN#000000000, ID#:686F25D7A751, Key:0CB7912144174A89C5EA3DBDD8A1C6DB, IV:017B608C
[2025-04-03 11:00:04,400] {emu_sentry.py:421} DEBUG - SEN: Validation payout value $23.00 from PHX 686F25D7A751
[2025-04-03 11:00:04,401] {emu_sentry.py:436} DEBUG - SEN: nonce=31000000
[2025-04-03 11:00:10,353] {emu_sentry.py:421} DEBUG - SEN: Validation payout value $23.00 from PHX 686F25D7A751
[2025-04-03 11:00:10,353] {emu_sentry.py:436} DEBUG - SEN: nonce=32000000
[2025-04-03 11:00:16,618] {emu_sentry.py:421} DEBUG - SEN: Validation payout value $23.00 from PHX 686F25D7A751
[2025-04-03 11:00:16,618] {emu_sentry.py:436} DEBUG - SEN: nonce=33000000
[2025-04-03 11:00:22,450] {emu_sentry.py:421} DEBUG - SEN: Validation payout value $23.00 from PHX 686F25D7A751
[2025-04-03 11:00:22,450] {emu_sentry.py:436} DEBUG - SEN: nonce=34000000
[2025-04-03 11:00:26,369] {emu_sentry.py:421} DEBUG - SEN: Validation payout value $23.00 from PHX 686F25D7A751
[2025-04-03 11:00:26,369] {emu_sentry.py:436} DEBUG - SEN: nonce=35000000
[2025-04-03 11:00:30,251] {emu_sentry.py:421} DEBUG - SEN: Validation payout value $23.00 from PHX 686F25D7A751
[2025-04-03 11:00:30,251] {emu_sentry.py:436} DEBUG - SEN: nonce=36000000
[2025-04-03 11:00:34,235] {emu_sentry.py:421} DEBUG - SEN: Validation payout value $23.00 from PHX 686F25D7A751
[2025-04-03 11:00:34,236] {emu_sentry.py:436} DEBUG - SEN: nonce=37000000
[2025-04-03 11:00:40,465] {emu_sentry.py:421} DEBUG - SEN: Validation payout value $23.00 from PHX 686F25D7A751
[2025-04-03 11:00:40,465] {emu_sentry.py:436} DEBUG - SEN: nonce=38000000
[2025-04-03 11:00:44,546] {emu_sentry.py:421} DEBUG - SEN: Validation payout value $23.00 from PHX 686F25D7A751
[2025-04-03 11:00:44,546] {emu_sentry.py:436} DEBUG - SEN: nonce=39000000
[2025-04-03 11:00:49,578] {emu_sentry.py:421} DEBUG - SEN: Validation payout value $23.00 from PHX 686F25D7A751
[2025-04-03 11:00:49,578] {emu_sentry.py:436} DEBUG - SEN: nonce=3A000000
[2025-04-03 11:10:11,117] {emu_sentry.py:345} DEBUG - SEN: paired to PHX SN#000000000, ID#:686F25D7A751, Key:0CB7912144174A89C5EA3DBDD8A1C6DB, IV:017B608C
[2025-04-03 11:10:15,108] {emu_sentry.py:421} DEBUG - SEN: Validation payout value $32.00 from PHX 686F25D7A751
[2025-04-03 11:10:15,109] {emu_sentry.py:436} DEBUG - SEN: nonce=3B000000
[2025-04-03 11:10:19,463] {emu_sentry.py:421} DEBUG - SEN: Validation payout value $21.00 from PHX 686F25D7A751
[2025-04-03 11:10:19,463] {emu_sentry.py:436} DEBUG - SEN: nonce=3C000000
[2025-04-03 11:10:29,597] {emu_sentry.py:421} DEBUG - SEN: Validation payout value $1.00 from PHX 686F25D7A751
[2025-04-03 11:10:29,597] {emu_sentry.py:436} DEBUG - SEN: nonce=3E000000
[2025-04-03 11:10:34,333] {emu_sentry.py:421} DEBUG - SEN: Validation payout value $9.00 from PHX 686F25D7A751
[2025-04-03 11:10:34,333] {emu_sentry.py:436} DEBUG - SEN: nonce=3F000000
[2025-04-03 11:10:46,885] {emu_sentry.py:345} DEBUG - SEN: paired to PHX SN#000000000, ID#:686F25D7A751, Key:0CB7912144174A89C5EA3DBDD8A1C6DB, IV:017B608C
[2025-04-03 11:10:52,725] {emu_sentry.py:421} DEBUG - SEN: Validation payout value $23.00 from PHX 686F25D7A751
[2025-04-03 11:10:52,725] {emu_sentry.py:436} DEBUG - SEN: nonce=40000000
[2025-04-03 11:10:58,141] {emu_sentry.py:421} DEBUG - SEN: Validation payout value $23.00 from PHX 686F25D7A751
[2025-04-03 11:10:58,141] {emu_sentry.py:436} DEBUG - SEN: nonce=41000000
[2025-04-04 08:07:45,595] {emu_sentry.py:345} DEBUG - SEN: paired to PHX SN#000000000, ID#:4016B0F6CFED, Key:B40B28EB2CEF6B6898015EADB576A41C, IV:7760480F
[2025-04-04 08:07:52,002] {emu_sentry.py:421} DEBUG - SEN: Validation payout value $32.00 from PHX 4016B0F6CFED
[2025-04-04 08:07:52,002] {emu_sentry.py:436} DEBUG - SEN: nonce=05000000
[2025-04-04 08:08:02,474] {emu_sentry.py:421} DEBUG - SEN: Validation payout value $21.00 from PHX 4016B0F6CFED
[2025-04-04 08:08:02,474] {emu_sentry.py:436} DEBUG - SEN: nonce=06000000
[2025-04-04 08:08:16,114] {emu_sentry.py:421} DEBUG - SEN: Validation payout value $1.00 from PHX 4016B0F6CFED
[2025-04-04 08:08:16,114] {emu_sentry.py:436} DEBUG - SEN: nonce=08000000
[2025-04-04 08:08:24,122] {emu_sentry.py:421} DEBUG - SEN: Validation payout value $9.00 from PHX 4016B0F6CFED
[2025-04-04 08:08:24,122] {emu_sentry.py:436} DEBUG - SEN: nonce=09000000
[2025-04-04 08:19:22,838] {emu_sentry.py:345} DEBUG - SEN: paired to PHX SN#000000000, ID#:87E311C3806C, Key:8F3966F2ABC03D4F1D47EDE2BEF0FDB3, IV:2AC27AEE
[2025-04-04 08:19:27,734] {emu_sentry.py:421} DEBUG - SEN: Validation payout value $23.00 from PHX 87E311C3806C
[2025-04-04 08:19:27,735] {emu_sentry.py:436} DEBUG - SEN: nonce=0A000000
[2025-04-04 08:19:32,095] {emu_sentry.py:421} DEBUG - SEN: Validation payout value $23.00 from PHX 87E311C3806C
[2025-04-04 08:19:32,096] {emu_sentry.py:436} DEBUG - SEN: nonce=0B000000
[2025-04-04 08:19:36,535] {emu_sentry.py:421} DEBUG - SEN: Validation payout value $23.00 from PHX 87E311C3806C
[2025-04-04 08:19:36,535] {emu_sentry.py:436} DEBUG - SEN: nonce=0C000000
[2025-04-04 08:19:40,840] {emu_sentry.py:421} DEBUG - SEN: Validation payout value $23.00 from PHX 87E311C3806C
[2025-04-04 08:19:40,840] {emu_sentry.py:436} DEBUG - SEN: nonce=0D000000
[2025-04-04 08:19:51,048] {emu_sentry.py:421} DEBUG - SEN: Validation payout value $23.00 from PHX 87E311C3806C
[2025-04-04 08:19:51,048] {emu_sentry.py:436} DEBUG - SEN: nonce=0E000000
[2025-04-04 08:19:55,488] {emu_sentry.py:421} DEBUG - SEN: Validation payout value $23.00 from PHX 87E311C3806C
[2025-04-04 08:19:55,488] {emu_sentry.py:436} DEBUG - SEN: nonce=0F000000
[2025-04-04 08:19:59,415] {emu_sentry.py:421} DEBUG - SEN: Validation payout value $23.00 from PHX 87E311C3806C
[2025-04-04 08:19:59,415] {emu_sentry.py:436} DEBUG - SEN: nonce=10000000
[2025-04-04 08:20:05,687] {emu_sentry.py:421} DEBUG - SEN: Validation payout value $23.00 from PHX 87E311C3806C
[2025-04-04 08:20:05,688] {emu_sentry.py:436} DEBUG - SEN: nonce=11000000
[2025-04-04 08:20:10,087] {emu_sentry.py:421} DEBUG - SEN: Validation payout value $23.00 from PHX 87E311C3806C
[2025-04-04 08:20:10,087] {emu_sentry.py:436} DEBUG - SEN: nonce=12000000
[2025-04-04 08:20:14,240] {emu_sentry.py:421} DEBUG - SEN: Validation payout value $23.00 from PHX 87E311C3806C
[2025-04-04 08:20:14,240] {emu_sentry.py:436} DEBUG - SEN: nonce=13000000
